<?xml version="1.0" encoding="UTF-8"?>
<coverage generated="1729651642251" clover="3.2.0">
  <project timestamp="1729651642252" name="All files">
    <metrics statements="68" coveredstatements="64" conditionals="12" coveredconditionals="10" methods="37" coveredmethods="33" elements="117" coveredelements="107" complexity="0" loc="68" ncloc="68" packages="3" files="11" classes="11"/>
    <package name="src">
      <metrics statements="1" coveredstatements="1" conditionals="0" coveredconditionals="0" methods="1" coveredmethods="1"/>
      <file name="math.js" path="C:\Users\Nicha\Desktop\redux-tutorial\src\math.js">
        <metrics statements="1" coveredstatements="1" conditionals="0" coveredconditionals="0" methods="1" coveredmethods="1"/>
        <line num="1" count="2" type="stmt"/>
      </file>
    </package>
    <package name="src.store">
      <metrics statements="47" coveredstatements="44" conditionals="2" coveredconditionals="2" methods="26" coveredmethods="22"/>
      <file name="api.js" path="C:\Users\Nicha\Desktop\redux-tutorial\src\store\api.js">
        <metrics statements="3" coveredstatements="3" conditionals="0" coveredconditionals="0" methods="0" coveredmethods="0"/>
        <line num="3" count="1" type="stmt"/>
        <line num="4" count="1" type="stmt"/>
        <line num="5" count="1" type="stmt"/>
      </file>
      <file name="bugs.js" path="C:\Users\Nicha\Desktop\redux-tutorial\src\store\bugs.js">
        <metrics statements="35" coveredstatements="34" conditionals="2" coveredconditionals="2" methods="23" coveredmethods="21"/>
        <line num="9" count="1" type="stmt"/>
        <line num="18" count="5" type="stmt"/>
        <line num="21" count="4" type="stmt"/>
        <line num="22" count="4" type="stmt"/>
        <line num="23" count="4" type="stmt"/>
        <line num="26" count="1" type="stmt"/>
        <line num="29" count="1" type="stmt"/>
        <line num="30" count="1" type="stmt"/>
        <line num="31" count="1" type="stmt"/>
        <line num="34" count="5" type="stmt"/>
        <line num="37" count="1" type="stmt"/>
        <line num="38" count="1" type="stmt"/>
        <line num="41" count="0" type="stmt"/>
        <line num="56" count="1" type="stmt"/>
        <line num="59" count="1" type="stmt"/>
        <line num="61" count="6" type="stmt"/>
        <line num="62" count="6" type="stmt"/>
        <line num="63" count="6" type="stmt"/>
        <line num="66" count="6" type="stmt"/>
        <line num="68" count="6" type="cond" truecount="2" falsecount="0"/>
        <line num="70" count="5" type="stmt"/>
        <line num="90" count="1" type="stmt"/>
        <line num="91" count="6" type="stmt"/>
        <line num="98" count="1" type="stmt"/>
        <line num="99" count="2" type="stmt"/>
        <line num="106" count="1" type="stmt"/>
        <line num="107" count="2" type="stmt"/>
        <line num="118" count="1" type="stmt"/>
        <line num="119" count="2" type="stmt"/>
        <line num="120" count="2" type="stmt"/>
        <line num="121" count="3" type="stmt"/>
        <line num="124" count="1" type="stmt"/>
        <line num="125" count="1" type="stmt"/>
        <line num="126" count="2" type="stmt"/>
        <line num="127" count="3" type="stmt"/>
      </file>
      <file name="configureStore.js" path="C:\Users\Nicha\Desktop\redux-tutorial\src\store\configureStore.js">
        <metrics statements="1" coveredstatements="1" conditionals="0" coveredconditionals="0" methods="1" coveredmethods="1"/>
        <line num="10" count="13" type="stmt"/>
      </file>
      <file name="entities.js" path="C:\Users\Nicha\Desktop\redux-tutorial\src\store\entities.js">
        <metrics statements="0" coveredstatements="0" conditionals="0" coveredconditionals="0" methods="0" coveredmethods="0"/>
      </file>
      <file name="projects.js" path="C:\Users\Nicha\Desktop\redux-tutorial\src\store\projects.js">
        <metrics statements="4" coveredstatements="3" conditionals="0" coveredconditionals="0" methods="1" coveredmethods="0"/>
        <line num="3" count="1" type="stmt"/>
        <line num="5" count="1" type="stmt"/>
        <line num="10" count="0" type="stmt"/>
        <line num="19" count="1" type="stmt"/>
      </file>
      <file name="reducer.js" path="C:\Users\Nicha\Desktop\redux-tutorial\src\store\reducer.js">
        <metrics statements="0" coveredstatements="0" conditionals="0" coveredconditionals="0" methods="0" coveredmethods="0"/>
      </file>
      <file name="users.js" path="C:\Users\Nicha\Desktop\redux-tutorial\src\store\users.js">
        <metrics statements="4" coveredstatements="3" conditionals="0" coveredconditionals="0" methods="1" coveredmethods="0"/>
        <line num="3" count="1" type="stmt"/>
        <line num="5" count="1" type="stmt"/>
        <line num="10" count="0" type="stmt"/>
        <line num="21" count="1" type="stmt"/>
      </file>
    </package>
    <package name="src.store.middleware">
      <metrics statements="20" coveredstatements="19" conditionals="10" coveredconditionals="8" methods="10" coveredmethods="10"/>
      <file name="api.js" path="C:\Users\Nicha\Desktop\redux-tutorial\src\store\middleware\api.js">
        <metrics statements="13" coveredstatements="13" conditionals="8" coveredconditionals="7" methods="3" coveredmethods="3"/>
        <line num="5" count="1" type="stmt"/>
        <line num="6" count="13" type="stmt"/>
        <line num="7" count="13" type="stmt"/>
        <line num="8" count="47" type="cond" truecount="2" falsecount="0"/>
        <line num="10" count="15" type="stmt"/>
        <line num="12" count="15" type="cond" truecount="2" falsecount="0"/>
        <line num="14" count="15" type="stmt"/>
        <line num="16" count="15" type="stmt"/>
        <line num="17" count="15" type="stmt"/>
        <line num="24" count="11" type="stmt"/>
        <line num="26" count="11" type="cond" truecount="1" falsecount="1"/>
        <line num="28" count="4" type="stmt"/>
        <line num="29" count="4" type="cond" truecount="2" falsecount="0"/>
      </file>
      <file name="displayToast.js" path="C:\Users\Nicha\Desktop\redux-tutorial\src\store\middleware\displayToast.js">
        <metrics statements="4" coveredstatements="3" conditionals="2" coveredconditionals="1" methods="3" coveredmethods="3"/>
        <line num="1" count="13" type="stmt"/>
        <line num="2" count="47" type="cond" truecount="1" falsecount="1"/>
        <line num="3" count="0" type="stmt"/>
        <line num="5" count="47" type="stmt"/>
      </file>
      <file name="logger.js" path="C:\Users\Nicha\Desktop\redux-tutorial\src\store\middleware\logger.js">
        <metrics statements="3" coveredstatements="3" conditionals="0" coveredconditionals="0" methods="4" coveredmethods="4"/>
        <line num="1" count="13" type="stmt"/>
        <line num="2" count="47" type="stmt"/>
        <line num="6" count="47" type="stmt"/>
      </file>
    </package>
  </project>
</coverage>
