{"C:\\Users\\Nicha\\Desktop\\redux-tutorial\\src\\math.js": {"path":"C:\\Users\\Nicha\\Desktop\\redux-tutorial\\src\\math.js","statementMap":{"0":{"start":{"line":1,"column":22},"end":{"line":1,"column":49}},"1":{"start":{"line":1,"column":34},"end":{"line":1,"column":49}}},"fnMap":{"0":{"name":"(anonymous_0)","decl":{"start":{"line":1,"column":22},"end":{"line":1,"column":23}},"loc":{"start":{"line":1,"column":34},"end":{"line":1,"column":49}},"line":1}},"branchMap":{},"s":{"0":1,"1":2},"f":{"0":2},"b":{},"_coverageSchema":"1a1c01bbd47fc00a2c39e90264f33305004495a9","hash":"5d05e0f00e2ef3aa11c9eee9229d912ed2570f0e"}
,"C:\\Users\\Nicha\\Desktop\\redux-tutorial\\src\\store\\api.js": {"path":"C:\\Users\\Nicha\\Desktop\\redux-tutorial\\src\\store\\api.js","statementMap":{"0":{"start":{"line":3,"column":28},"end":{"line":3,"column":57}},"1":{"start":{"line":4,"column":30},"end":{"line":4,"column":61}},"2":{"start":{"line":5,"column":29},"end":{"line":5,"column":59}}},"fnMap":{},"branchMap":{},"s":{"0":1,"1":1,"2":1},"f":{},"b":{},"_coverageSchema":"1a1c01bbd47fc00a2c39e90264f33305004495a9","hash":"655b30b2236b4445bac63d79a5ec2d4440856a88"}
,"C:\\Users\\Nicha\\Desktop\\redux-tutorial\\src\\store\\bugs.js": {"path":"C:\\Users\\Nicha\\Desktop\\redux-tutorial\\src\\store\\bugs.js","statementMap":{"0":{"start":{"line":9,"column":14},"end":{"line":44,"column":2}},"1":{"start":{"line":18,"column":6},"end":{"line":18,"column":26}},"2":{"start":{"line":21,"column":6},"end":{"line":21,"column":33}},"3":{"start":{"line":22,"column":6},"end":{"line":22,"column":27}},"4":{"start":{"line":23,"column":6},"end":{"line":23,"column":34}},"5":{"start":{"line":26,"column":6},"end":{"line":26,"column":27}},"6":{"start":{"line":29,"column":36},"end":{"line":29,"column":50}},"7":{"start":{"line":30,"column":20},"end":{"line":30,"column":66}},"8":{"start":{"line":30,"column":49},"end":{"line":30,"column":65}},"9":{"start":{"line":31,"column":6},"end":{"line":31,"column":39}},"10":{"start":{"line":34,"column":6},"end":{"line":34,"column":37}},"11":{"start":{"line":37,"column":20},"end":{"line":37,"column":78}},"12":{"start":{"line":37,"column":49},"end":{"line":37,"column":77}},"13":{"start":{"line":38,"column":6},"end":{"line":38,"column":39}},"14":{"start":{"line":41,"column":6},"end":{"line":41,"column":64}},"15":{"start":{"line":41,"column":34},"end":{"line":41,"column":62}},"16":{"start":{"line":56,"column":4},"end":{"line":56,"column":17}},"17":{"start":{"line":59,"column":12},"end":{"line":59,"column":19}},"18":{"start":{"line":61,"column":24},"end":{"line":78,"column":1}},"19":{"start":{"line":61,"column":30},"end":{"line":78,"column":1}},"20":{"start":{"line":62,"column":24},"end":{"line":62,"column":48}},"21":{"start":{"line":63,"column":2},"end":{"line":63,"column":25}},"22":{"start":{"line":66,"column":24},"end":{"line":66,"column":67}},"23":{"start":{"line":68,"column":2},"end":{"line":68,"column":33}},"24":{"start":{"line":68,"column":26},"end":{"line":68,"column":33}},"25":{"start":{"line":70,"column":2},"end":{"line":77,"column":4}},"26":{"start":{"line":90,"column":22},"end":{"line":96,"column":4}},"27":{"start":{"line":91,"column":2},"end":{"line":96,"column":4}},"28":{"start":{"line":98,"column":26},"end":{"line":104,"column":4}},"29":{"start":{"line":99,"column":2},"end":{"line":104,"column":4}},"30":{"start":{"line":106,"column":31},"end":{"line":112,"column":4}},"31":{"start":{"line":107,"column":2},"end":{"line":112,"column":4}},"32":{"start":{"line":118,"column":33},"end":{"line":122,"column":1}},"33":{"start":{"line":119,"column":13},"end":{"line":119,"column":32}},"34":{"start":{"line":120,"column":13},"end":{"line":120,"column":36}},"35":{"start":{"line":121,"column":22},"end":{"line":121,"column":62}},"36":{"start":{"line":121,"column":48},"end":{"line":121,"column":61}},"37":{"start":{"line":124,"column":29},"end":{"line":128,"column":3}},"38":{"start":{"line":125,"column":2},"end":{"line":128,"column":3}},"39":{"start":{"line":126,"column":15},"end":{"line":126,"column":34}},"40":{"start":{"line":127,"column":14},"end":{"line":127,"column":57}},"41":{"start":{"line":127,"column":35},"end":{"line":127,"column":56}}},"fnMap":{"0":{"name":"(anonymous_0)","decl":{"start":{"line":17,"column":19},"end":{"line":17,"column":20}},"loc":{"start":{"line":17,"column":37},"end":{"line":19,"column":5}},"line":17},"1":{"name":"(anonymous_1)","decl":{"start":{"line":20,"column":18},"end":{"line":20,"column":19}},"loc":{"start":{"line":20,"column":36},"end":{"line":24,"column":5}},"line":20},"2":{"name":"(anonymous_2)","decl":{"start":{"line":25,"column":23},"end":{"line":25,"column":24}},"loc":{"start":{"line":25,"column":41},"end":{"line":27,"column":5}},"line":25},"3":{"name":"(anonymous_3)","decl":{"start":{"line":28,"column":23},"end":{"line":28,"column":24}},"loc":{"start":{"line":28,"column":41},"end":{"line":32,"column":5}},"line":28},"4":{"name":"(anonymous_4)","decl":{"start":{"line":30,"column":40},"end":{"line":30,"column":41}},"loc":{"start":{"line":30,"column":49},"end":{"line":30,"column":65}},"line":30},"5":{"name":"(anonymous_5)","decl":{"start":{"line":33,"column":14},"end":{"line":33,"column":15}},"loc":{"start":{"line":33,"column":32},"end":{"line":35,"column":5}},"line":33},"6":{"name":"(anonymous_6)","decl":{"start":{"line":36,"column":17},"end":{"line":36,"column":18}},"loc":{"start":{"line":36,"column":35},"end":{"line":39,"column":5}},"line":36},"7":{"name":"(anonymous_7)","decl":{"start":{"line":37,"column":40},"end":{"line":37,"column":41}},"loc":{"start":{"line":37,"column":49},"end":{"line":37,"column":77}},"line":37},"8":{"name":"(anonymous_8)","decl":{"start":{"line":40,"column":16},"end":{"line":40,"column":17}},"loc":{"start":{"line":40,"column":34},"end":{"line":42,"column":5}},"line":40},"9":{"name":"(anonymous_9)","decl":{"start":{"line":41,"column":25},"end":{"line":41,"column":26}},"loc":{"start":{"line":41,"column":34},"end":{"line":41,"column":62}},"line":41},"10":{"name":"(anonymous_10)","decl":{"start":{"line":61,"column":24},"end":{"line":61,"column":25}},"loc":{"start":{"line":61,"column":30},"end":{"line":78,"column":1}},"line":61},"11":{"name":"(anonymous_11)","decl":{"start":{"line":61,"column":30},"end":{"line":61,"column":31}},"loc":{"start":{"line":61,"column":54},"end":{"line":78,"column":1}},"line":61},"12":{"name":"(anonymous_12)","decl":{"start":{"line":90,"column":22},"end":{"line":90,"column":23}},"loc":{"start":{"line":91,"column":2},"end":{"line":96,"column":4}},"line":91},"13":{"name":"(anonymous_13)","decl":{"start":{"line":98,"column":26},"end":{"line":98,"column":27}},"loc":{"start":{"line":99,"column":2},"end":{"line":104,"column":4}},"line":99},"14":{"name":"(anonymous_14)","decl":{"start":{"line":106,"column":31},"end":{"line":106,"column":32}},"loc":{"start":{"line":107,"column":2},"end":{"line":112,"column":4}},"line":107},"15":{"name":"(anonymous_15)","decl":{"start":{"line":119,"column":2},"end":{"line":119,"column":3}},"loc":{"start":{"line":119,"column":13},"end":{"line":119,"column":32}},"line":119},"16":{"name":"(anonymous_16)","decl":{"start":{"line":120,"column":2},"end":{"line":120,"column":3}},"loc":{"start":{"line":120,"column":13},"end":{"line":120,"column":36}},"line":120},"17":{"name":"(anonymous_17)","decl":{"start":{"line":121,"column":2},"end":{"line":121,"column":3}},"loc":{"start":{"line":121,"column":22},"end":{"line":121,"column":62}},"line":121},"18":{"name":"(anonymous_18)","decl":{"start":{"line":121,"column":39},"end":{"line":121,"column":40}},"loc":{"start":{"line":121,"column":48},"end":{"line":121,"column":61}},"line":121},"19":{"name":"(anonymous_19)","decl":{"start":{"line":124,"column":29},"end":{"line":124,"column":30}},"loc":{"start":{"line":125,"column":2},"end":{"line":128,"column":3}},"line":125},"20":{"name":"(anonymous_20)","decl":{"start":{"line":126,"column":4},"end":{"line":126,"column":5}},"loc":{"start":{"line":126,"column":15},"end":{"line":126,"column":34}},"line":126},"21":{"name":"(anonymous_21)","decl":{"start":{"line":127,"column":4},"end":{"line":127,"column":5}},"loc":{"start":{"line":127,"column":14},"end":{"line":127,"column":57}},"line":127},"22":{"name":"(anonymous_22)","decl":{"start":{"line":127,"column":26},"end":{"line":127,"column":27}},"loc":{"start":{"line":127,"column":35},"end":{"line":127,"column":56}},"line":127}},"branchMap":{"0":{"loc":{"start":{"line":68,"column":2},"end":{"line":68,"column":33}},"type":"if","locations":[{"start":{"line":68,"column":2},"end":{"line":68,"column":33}},{"start":{},"end":{}}],"line":68}},"s":{"0":1,"1":5,"2":4,"3":4,"4":4,"5":1,"6":0,"7":0,"8":0,"9":0,"10":3,"11":1,"12":1,"13":1,"14":0,"15":0,"16":1,"17":1,"18":1,"19":6,"20":6,"21":6,"22":6,"23":6,"24":1,"25":5,"26":1,"27":4,"28":1,"29":2,"30":1,"31":0,"32":1,"33":2,"34":2,"35":1,"36":3,"37":1,"38":0,"39":0,"40":0,"41":0},"f":{"0":5,"1":4,"2":1,"3":0,"4":0,"5":3,"6":1,"7":1,"8":0,"9":0,"10":6,"11":6,"12":4,"13":2,"14":0,"15":2,"16":2,"17":1,"18":3,"19":0,"20":0,"21":0,"22":0},"b":{"0":[1,5]},"_coverageSchema":"1a1c01bbd47fc00a2c39e90264f33305004495a9","hash":"932a571e7c3ea143562d84da8b7364398567c4bf"}
,"C:\\Users\\Nicha\\Desktop\\redux-tutorial\\src\\store\\configureStore.js": {"path":"C:\\Users\\Nicha\\Desktop\\redux-tutorial\\src\\store\\configureStore.js","statementMap":{"0":{"start":{"line":10,"column":2},"end":{"line":18,"column":5}}},"fnMap":{"0":{"name":"(anonymous_0)","decl":{"start":{"line":9,"column":15},"end":{"line":9,"column":16}},"loc":{"start":{"line":9,"column":27},"end":{"line":19,"column":1}},"line":9}},"branchMap":{},"s":{"0":10},"f":{"0":10},"b":{},"_coverageSchema":"1a1c01bbd47fc00a2c39e90264f33305004495a9","hash":"503072be3ed549b10a7054c1316a63b64598ec09"}
,"C:\\Users\\Nicha\\Desktop\\redux-tutorial\\src\\store\\entities.js": {"path":"C:\\Users\\Nicha\\Desktop\\redux-tutorial\\src\\store\\entities.js","statementMap":{},"fnMap":{},"branchMap":{},"s":{},"f":{},"b":{},"_coverageSchema":"1a1c01bbd47fc00a2c39e90264f33305004495a9","hash":"54da1013b0f5dfb974f20628514be32588cbe2ef"}
,"C:\\Users\\Nicha\\Desktop\\redux-tutorial\\src\\store\\projects.js": {"path":"C:\\Users\\Nicha\\Desktop\\redux-tutorial\\src\\store\\projects.js","statementMap":{"0":{"start":{"line":3,"column":13},"end":{"line":3,"column":14}},"1":{"start":{"line":5,"column":14},"end":{"line":16,"column":2}},"2":{"start":{"line":10,"column":6},"end":{"line":13,"column":9}},"3":{"start":{"line":19,"column":32},"end":{"line":19,"column":45}}},"fnMap":{"0":{"name":"(anonymous_0)","decl":{"start":{"line":9,"column":18},"end":{"line":9,"column":19}},"loc":{"start":{"line":9,"column":40},"end":{"line":14,"column":5}},"line":9}},"branchMap":{},"s":{"0":1,"1":1,"2":0,"3":1},"f":{"0":0},"b":{},"_coverageSchema":"1a1c01bbd47fc00a2c39e90264f33305004495a9","hash":"f82f66d0cb24f0976c15443e465c1f2f8684b7ce"}
,"C:\\Users\\Nicha\\Desktop\\redux-tutorial\\src\\store\\reducer.js": {"path":"C:\\Users\\Nicha\\Desktop\\redux-tutorial\\src\\store\\reducer.js","statementMap":{},"fnMap":{},"branchMap":{},"s":{},"f":{},"b":{},"_coverageSchema":"1a1c01bbd47fc00a2c39e90264f33305004495a9","hash":"561b65e6d5f97fb1eb87c306543f526a09669574"}
,"C:\\Users\\Nicha\\Desktop\\redux-tutorial\\src\\store\\users.js": {"path":"C:\\Users\\Nicha\\Desktop\\redux-tutorial\\src\\store\\users.js","statementMap":{"0":{"start":{"line":3,"column":13},"end":{"line":3,"column":14}},"1":{"start":{"line":5,"column":14},"end":{"line":17,"column":2}},"2":{"start":{"line":10,"column":6},"end":{"line":13,"column":9}},"3":{"start":{"line":21,"column":29},"end":{"line":21,"column":42}}},"fnMap":{"0":{"name":"(anonymous_0)","decl":{"start":{"line":9,"column":15},"end":{"line":9,"column":16}},"loc":{"start":{"line":9,"column":34},"end":{"line":14,"column":5}},"line":9}},"branchMap":{},"s":{"0":1,"1":1,"2":0,"3":1},"f":{"0":0},"b":{},"_coverageSchema":"1a1c01bbd47fc00a2c39e90264f33305004495a9","hash":"a2281e96085200abefc886aa2a24b97f7c814a06"}
,"C:\\Users\\Nicha\\Desktop\\redux-tutorial\\src\\store\\middleware\\api.js": {"path":"C:\\Users\\Nicha\\Desktop\\redux-tutorial\\src\\store\\middleware\\api.js","statementMap":{"0":{"start":{"line":5,"column":2},"end":{"line":31,"column":3}},"1":{"start":{"line":6,"column":2},"end":{"line":31,"column":3}},"2":{"start":{"line":7,"column":2},"end":{"line":31,"column":3}},"3":{"start":{"line":8,"column":4},"end":{"line":8,"column":71}},"4":{"start":{"line":8,"column":51},"end":{"line":8,"column":71}},"5":{"start":{"line":10,"column":63},"end":{"line":10,"column":77}},"6":{"start":{"line":12,"column":4},"end":{"line":12,"column":45}},"7":{"start":{"line":12,"column":17},"end":{"line":12,"column":45}},"8":{"start":{"line":14,"column":4},"end":{"line":14,"column":17}},"9":{"start":{"line":16,"column":4},"end":{"line":30,"column":5}},"10":{"start":{"line":17,"column":23},"end":{"line":22,"column":8}},"11":{"start":{"line":24,"column":6},"end":{"line":24,"column":54}},"12":{"start":{"line":26,"column":6},"end":{"line":26,"column":75}},"13":{"start":{"line":26,"column":21},"end":{"line":26,"column":75}},"14":{"start":{"line":28,"column":6},"end":{"line":28,"column":53}},"15":{"start":{"line":29,"column":6},"end":{"line":29,"column":72}},"16":{"start":{"line":29,"column":19},"end":{"line":29,"column":72}}},"fnMap":{"0":{"name":"(anonymous_0)","decl":{"start":{"line":5,"column":2},"end":{"line":5,"column":3}},"loc":{"start":{"line":6,"column":2},"end":{"line":31,"column":3}},"line":6},"1":{"name":"(anonymous_1)","decl":{"start":{"line":6,"column":2},"end":{"line":6,"column":3}},"loc":{"start":{"line":7,"column":2},"end":{"line":31,"column":3}},"line":7},"2":{"name":"(anonymous_2)","decl":{"start":{"line":7,"column":2},"end":{"line":7,"column":3}},"loc":{"start":{"line":7,"column":20},"end":{"line":31,"column":3}},"line":7}},"branchMap":{"0":{"loc":{"start":{"line":8,"column":4},"end":{"line":8,"column":71}},"type":"if","locations":[{"start":{"line":8,"column":4},"end":{"line":8,"column":71}},{"start":{},"end":{}}],"line":8},"1":{"loc":{"start":{"line":12,"column":4},"end":{"line":12,"column":45}},"type":"if","locations":[{"start":{"line":12,"column":4},"end":{"line":12,"column":45}},{"start":{},"end":{}}],"line":12},"2":{"loc":{"start":{"line":26,"column":6},"end":{"line":26,"column":75}},"type":"if","locations":[{"start":{"line":26,"column":6},"end":{"line":26,"column":75}},{"start":{},"end":{}}],"line":26},"3":{"loc":{"start":{"line":29,"column":6},"end":{"line":29,"column":72}},"type":"if","locations":[{"start":{"line":29,"column":6},"end":{"line":29,"column":72}},{"start":{},"end":{}}],"line":29}},"s":{"0":1,"1":10,"2":10,"3":36,"4":25,"5":11,"6":11,"7":5,"8":11,"9":11,"10":11,"11":8,"12":8,"13":8,"14":3,"15":3,"16":1},"f":{"0":10,"1":10,"2":36},"b":{"0":[25,11],"1":[5,6],"2":[8,0],"3":[1,2]},"_coverageSchema":"1a1c01bbd47fc00a2c39e90264f33305004495a9","hash":"ee78fc0fe4b67281aa9d1eb44784e663c093cd0f"}
,"C:\\Users\\Nicha\\Desktop\\redux-tutorial\\src\\store\\middleware\\displayToast.js": {"path":"C:\\Users\\Nicha\\Desktop\\redux-tutorial\\src\\store\\middleware\\displayToast.js","statementMap":{"0":{"start":{"line":1,"column":21},"end":{"line":7,"column":1}},"1":{"start":{"line":1,"column":32},"end":{"line":7,"column":1}},"2":{"start":{"line":1,"column":42},"end":{"line":7,"column":1}},"3":{"start":{"line":2,"column":2},"end":{"line":6,"column":3}},"4":{"start":{"line":3,"column":4},"end":{"line":3,"column":55}},"5":{"start":{"line":5,"column":4},"end":{"line":5,"column":24}}},"fnMap":{"0":{"name":"(anonymous_0)","decl":{"start":{"line":1,"column":21},"end":{"line":1,"column":22}},"loc":{"start":{"line":1,"column":32},"end":{"line":7,"column":1}},"line":1},"1":{"name":"(anonymous_1)","decl":{"start":{"line":1,"column":32},"end":{"line":1,"column":33}},"loc":{"start":{"line":1,"column":42},"end":{"line":7,"column":1}},"line":1},"2":{"name":"(anonymous_2)","decl":{"start":{"line":1,"column":42},"end":{"line":1,"column":43}},"loc":{"start":{"line":1,"column":54},"end":{"line":7,"column":1}},"line":1}},"branchMap":{"0":{"loc":{"start":{"line":2,"column":2},"end":{"line":6,"column":3}},"type":"if","locations":[{"start":{"line":2,"column":2},"end":{"line":6,"column":3}},{"start":{"line":4,"column":9},"end":{"line":6,"column":3}}],"line":2}},"s":{"0":1,"1":10,"2":10,"3":36,"4":0,"5":36},"f":{"0":10,"1":10,"2":36},"b":{"0":[0,36]},"_coverageSchema":"1a1c01bbd47fc00a2c39e90264f33305004495a9","hash":"7089a0bb808bbec2adc25bf7acdc5db48a480142"}
,"C:\\Users\\Nicha\\Desktop\\redux-tutorial\\src\\store\\middleware\\logger.js": {"path":"C:\\Users\\Nicha\\Desktop\\redux-tutorial\\src\\store\\middleware\\logger.js","statementMap":{"0":{"start":{"line":1,"column":15},"end":{"line":7,"column":1}},"1":{"start":{"line":1,"column":26},"end":{"line":7,"column":1}},"2":{"start":{"line":1,"column":37},"end":{"line":7,"column":1}},"3":{"start":{"line":1,"column":47},"end":{"line":7,"column":1}},"4":{"start":{"line":2,"column":2},"end":{"line":2,"column":32}},"5":{"start":{"line":6,"column":2},"end":{"line":6,"column":22}}},"fnMap":{"0":{"name":"(anonymous_0)","decl":{"start":{"line":1,"column":15},"end":{"line":1,"column":16}},"loc":{"start":{"line":1,"column":26},"end":{"line":7,"column":1}},"line":1},"1":{"name":"(anonymous_1)","decl":{"start":{"line":1,"column":26},"end":{"line":1,"column":27}},"loc":{"start":{"line":1,"column":37},"end":{"line":7,"column":1}},"line":1},"2":{"name":"(anonymous_2)","decl":{"start":{"line":1,"column":37},"end":{"line":1,"column":38}},"loc":{"start":{"line":1,"column":47},"end":{"line":7,"column":1}},"line":1},"3":{"name":"(anonymous_3)","decl":{"start":{"line":1,"column":47},"end":{"line":1,"column":48}},"loc":{"start":{"line":1,"column":59},"end":{"line":7,"column":1}},"line":1}},"branchMap":{},"s":{"0":1,"1":10,"2":10,"3":10,"4":36,"5":36},"f":{"0":10,"1":10,"2":10,"3":36},"b":{},"_coverageSchema":"1a1c01bbd47fc00a2c39e90264f33305004495a9","hash":"73213d1c7bb6f12e010c220a9ac8f6d709d76e86"}
}
