TN:
SF:src\math.js
FN:1,(anonymous_0)
FNF:1
FNH:1
FNDA:2,(anonymous_0)
DA:1,2
LF:1
LH:1
BRF:0
BRH:0
end_of_record
TN:
SF:src\store\api.js
FNF:0
FNH:0
DA:3,1
DA:4,1
DA:5,1
LF:3
LH:3
BRF:0
BRH:0
end_of_record
TN:
SF:src\store\bugs.js
FN:17,(anonymous_0)
FN:20,(anonymous_1)
FN:25,(anonymous_2)
FN:28,(anonymous_3)
FN:30,(anonymous_4)
FN:33,(anonymous_5)
FN:36,(anonymous_6)
FN:37,(anonymous_7)
FN:40,(anonymous_8)
FN:41,(anonymous_9)
FN:61,(anonymous_10)
FN:61,(anonymous_11)
FN:90,(anonymous_12)
FN:98,(anonymous_13)
FN:106,(anonymous_14)
FN:119,(anonymous_15)
FN:120,(anonymous_16)
FN:121,(anonymous_17)
FN:121,(anonymous_18)
FN:124,(anonymous_19)
FN:126,(anonymous_20)
FN:127,(anonymous_21)
FN:127,(anonymous_22)
FNF:23
FNH:14
FNDA:5,(anonymous_0)
FNDA:4,(anonymous_1)
FNDA:1,(anonymous_2)
FNDA:0,(anonymous_3)
FNDA:0,(anonymous_4)
FNDA:3,(anonymous_5)
FNDA:1,(anonymous_6)
FNDA:1,(anonymous_7)
FNDA:0,(anonymous_8)
FNDA:0,(anonymous_9)
FNDA:6,(anonymous_10)
FNDA:6,(anonymous_11)
FNDA:4,(anonymous_12)
FNDA:2,(anonymous_13)
FNDA:0,(anonymous_14)
FNDA:2,(anonymous_15)
FNDA:2,(anonymous_16)
FNDA:1,(anonymous_17)
FNDA:3,(anonymous_18)
FNDA:0,(anonymous_19)
FNDA:0,(anonymous_20)
FNDA:0,(anonymous_21)
FNDA:0,(anonymous_22)
DA:9,1
DA:18,5
DA:21,4
DA:22,4
DA:23,4
DA:26,1
DA:29,0
DA:30,0
DA:31,0
DA:34,3
DA:37,1
DA:38,1
DA:41,0
DA:56,1
DA:59,1
DA:61,6
DA:62,6
DA:63,6
DA:66,6
DA:68,6
DA:70,5
DA:90,1
DA:91,4
DA:98,1
DA:99,2
DA:106,1
DA:107,0
DA:118,1
DA:119,2
DA:120,2
DA:121,3
DA:124,1
DA:125,0
DA:126,0
DA:127,0
LF:35
LH:27
BRDA:68,0,0,1
BRDA:68,0,1,5
BRF:2
BRH:2
end_of_record
TN:
SF:src\store\configureStore.js
FN:9,(anonymous_0)
FNF:1
FNH:1
FNDA:10,(anonymous_0)
DA:10,10
LF:1
LH:1
BRF:0
BRH:0
end_of_record
TN:
SF:src\store\entities.js
FNF:0
FNH:0
LF:0
LH:0
BRF:0
BRH:0
end_of_record
TN:
SF:src\store\projects.js
FN:9,(anonymous_0)
FNF:1
FNH:0
FNDA:0,(anonymous_0)
DA:3,1
DA:5,1
DA:10,0
DA:19,1
LF:4
LH:3
BRF:0
BRH:0
end_of_record
TN:
SF:src\store\reducer.js
FNF:0
FNH:0
LF:0
LH:0
BRF:0
BRH:0
end_of_record
TN:
SF:src\store\users.js
FN:9,(anonymous_0)
FNF:1
FNH:0
FNDA:0,(anonymous_0)
DA:3,1
DA:5,1
DA:10,0
DA:21,1
LF:4
LH:3
BRF:0
BRH:0
end_of_record
TN:
SF:src\store\middleware\api.js
FN:5,(anonymous_0)
FN:6,(anonymous_1)
FN:7,(anonymous_2)
FNF:3
FNH:3
FNDA:10,(anonymous_0)
FNDA:10,(anonymous_1)
FNDA:36,(anonymous_2)
DA:5,1
DA:6,10
DA:7,10
DA:8,36
DA:10,11
DA:12,11
DA:14,11
DA:16,11
DA:17,11
DA:24,8
DA:26,8
DA:28,3
DA:29,3
LF:13
LH:13
BRDA:8,0,0,25
BRDA:8,0,1,11
BRDA:12,1,0,5
BRDA:12,1,1,6
BRDA:26,2,0,8
BRDA:26,2,1,0
BRDA:29,3,0,1
BRDA:29,3,1,2
BRF:8
BRH:7
end_of_record
TN:
SF:src\store\middleware\displayToast.js
FN:1,(anonymous_0)
FN:1,(anonymous_1)
FN:1,(anonymous_2)
FNF:3
FNH:3
FNDA:10,(anonymous_0)
FNDA:10,(anonymous_1)
FNDA:36,(anonymous_2)
DA:1,10
DA:2,36
DA:3,0
DA:5,36
LF:4
LH:3
BRDA:2,0,0,0
BRDA:2,0,1,36
BRF:2
BRH:1
end_of_record
TN:
SF:src\store\middleware\logger.js
FN:1,(anonymous_0)
FN:1,(anonymous_1)
FN:1,(anonymous_2)
FN:1,(anonymous_3)
FNF:4
FNH:4
FNDA:10,(anonymous_0)
FNDA:10,(anonymous_1)
FNDA:10,(anonymous_2)
FNDA:36,(anonymous_3)
DA:1,10
DA:2,36
DA:6,36
LF:3
LH:3
BRF:0
BRH:0
end_of_record
